<?xml version="1.0" encoding="UTF-8"?>
<!-- Generated by org.testng.reporters.JUnitXMLReporter -->
<testsuite ignored="0" hostname="DESKTOP-GGO5QL1" failures="0" tests="1" name="Chrome" time="22.18" errors="0" timestamp="2025-02-26T15:32:00 IST">
  <testcase classname="Basepackage.Baseclass" name="@BeforeMethod setup" time="0.012">
    <failure type="java.lang.IllegalArgumentException" message="Invalid browser value: firefox">
      <![CDATA[java.lang.IllegalArgumentException: Invalid browser value: firefox
at Basepackage.Baseclass.setup(Baseclass.java:31)
at java.base/java.util.ArrayList.forEach(ArrayList.java:1597)
at java.base/java.util.concurrent.FutureTask.run(FutureTask.java:317)
at java.base/java.util.concurrent.ThreadPoolExecutor.runWorker(ThreadPoolExecutor.java:1144)
at java.base/java.util.concurrent.ThreadPoolExecutor$Worker.run(ThreadPoolExecutor.java:642)
at java.base/java.lang.Thread.run(Thread.java:1575)
... Removed 20 stack frames]]>
    </failure>
  </testcase> <!-- @BeforeMethod setup -->
  <testcase classname="Basepackage.Baseclass" name="@AfterMethod tearDown" time="-1.740564098097E9">
    <skipped/>
  </testcase> <!-- @AfterMethod tearDown -->
  <testcase classname="Testcasespackages.Logintest" name="testLogin" time="7.062"/>
</testsuite> <!-- Chrome -->
